<?xml version="1.0" encoding="UTF-8"?>
<testsuite name="com.qa48.hw.kirillkolotov.HW_1_KirillKolotov" tests="1" skipped="0" failures="0" errors="0" timestamp="2025-08-16T13:36:24.772Z" hostname="MacBook-Pro-Kirill.local" time="0.001">
  <properties/>
  <testcase name="openURL" classname="com.qa48.hw.kirillkolotov.HW_1_KirillKolotov" time="0.001"/>
  <system-out><![CDATA[URL Opened
]]></system-out>
  <system-err><![CDATA[авг. 16, 2025 4:36:22 PM org.openqa.selenium.devtools.CdpVersionFinder findNearestMatch
WARNING: Unable to find CDP implementation matching 139
авг. 16, 2025 4:36:22 PM org.openqa.selenium.chromium.ChromiumDriver lambda$new$5
WARNING: Unable to find version of CDP to use for 139.0.7258.128. You may need to include a dependency on a specific version of the CDP using something similar to `org.seleniumhq.selenium:selenium-devtools-v86:4.26.0` where the version ("v86") matches the version of the chromium-based browser you're using and the version number of the artifact is the same as Selenium's.
]]></system-err>
</testsuite>
